<?xml version="1.0" encoding="UTF-8"?>
<testsuite xmlns:xsi="http://www.w3.org/2001/XMLSchema-instance" xsi:noNamespaceSchemaLocation="https://maven.apache.org/surefire/maven-surefire-plugin/xsd/surefire-test-report-3.0.xsd" version="3.0" name="TestSuite" time="101.906" tests="1" errors="0" skipped="0" failures="0">
  <properties>
[...]
</properties>
  <testcase name="scenario[&quot;To verify whether user is able to register a new online account for a measured property via ribbon (Address is not listed Account Number unknown / Payment Method Known ebilling option = No Marketing Preferences = Yes)&quot;, &quot;Optional[Customer Account functionality - Inorder to test Customer Account scenarios in MyAccount]&quot;](1)" classname="com.nwl.runners.TestRunner" time="100.138">
    <system-out><![CDATA[
@CustomerAccount @Registration @TC5 @9131 @Regression
Scenario Outline: To verify whether user is able to register a new online account for a measured property via ribbon (Address is not listed Account Number unknown / Payment Method Known ebilling option = No Marketing Preferences = Yes) # src/test/resources/features/CustomerAccount.feature:86
  Given User open the browser "edge" and launch the url "https://td-prep.nwl.co.uk/"                                                                                                                                                        # com.nwl.steps.BDD_Smart_MeterAndUsageEfficiencyStatus.launchURL(java.lang.String,java.lang.String)

    Embedding Screenshot_Success [image/png 1271831 bytes]

  When User clicks on Login or Create an account from Ribbon Account and should redirected to login tab                                                                                                                                     # com.nwl.steps.BDD_Smart_MeterAndUsageEfficiencyStatus.userClicksOnLoginOrCreateAnAccountFromRibbonAccount()

    Embedding Screenshot_Success [image/png 39203 bytes]

  And User clicks Create an account tab and should redirected to Create an account tab                                                                                                                                                      # com.nwl.steps.BDD_NewCustomerMoveIntoUnmeasuredProperty.userClicksOnCreateAnAccountTabAndShouldRedirectedToCreateAnAccountTab()

    Embedding Screenshot_Success [image/png 33545 bytes]

123 Addington Drive, Wallsend, NE28 9UX
  Then System gets the required information from CC&B for the account "0020400200" using "allak" and "Monda16!"                                                                                                                             # com.nwl.steps.BDD_Registration_UnmeasuredAccountViaHomepage.System_gets_required_info_from_CCB(java.lang.String,java.lang.String,java.lang.String)

    Embedding Screenshot_Success [image/png 148790 bytes]

Email address is: nwl20240903122846@yopmail.com
  When User enters the account details on the Create an account screen "Test@1234"                                                                                                                                                          # com.nwl.steps.BDD_Registration_UnmeasuredAccountViaHomepage.User_enters_the_personal_details(java.lang.String)

    Embedding Screenshot_Success [image/png 32317 bytes]

  Then User clicks on  Create account button and System should display the success screen popup to verify the user account                                                                                                                  # com.nwl.steps.BDD_Registration_UnmeasuredAccountViaHomepage.System_should_display_the_success_screen_popup()

    Embedding Screenshot_Success [image/png 31620 bytes]

  When User opens "https://yopmail.com/en/" and enters the email address                                                                                                                                                                    # com.nwl.steps.BDD_Registration_UnmeasuredAccountViaHomepage.User_opens_Yopmail(java.lang.String)

    Embedding Screenshot_Success [image/png 155659 bytes]

  And User clicks on the activation mail to activate the account                                                                                                                                                                            # com.nwl.steps.BDD_Registration_UnmeasuredAccountViaHomepage.User_clicks_on_the_activation_mail()

    Embedding Screenshot_Success [image/png 146436 bytes]

  Then User should be redirected to NWL Website to enter personal details                                                                                                                                                                   # com.nwl.steps.BDD_Registration_UnmeasuredAccountViaHomepage.User_should_be_redirected_to_NWL()

    Embedding Screenshot_Success [image/png 64565 bytes]

  And User enters his personal details and click on Next button                                                                                                                                                                             # com.nwl.steps.BDD_Registration_UnmeasuredAccountViaHomepage.User_enters_his_personal_details()

    Embedding Screenshot_Success [image/png 34908 bytes]

  And User updates his market preferences and click on Next button                                                                                                                                                                          # com.nwl.steps.BDD_Registration_UnmeasuredAccountViaHomepage.User_updates_his_market_preferences()

    Embedding Screenshot_Success [image/png 66007 bytes]

  When User is redirected to Dashboard then account should be activated                                                                                                                                                                     # com.nwl.steps.BDD_Registration_UnmeasuredAccountViaHomepage.User_is_redirected_to_Dashboard()

    Embedding Screenshot_Success [image/png 77741 bytes]

  Then Verify the email in CC&B                                                                                                                                                                                                             # com.nwl.steps.BDD_Registration_UnmeasuredAccountViaHomepage.Verify_details_in_CCB()

    Embedding Screenshot_Success [image/png 77830 bytes]

  And Verify the Web Self Service Registration in CC&B                                                                                                                                                                                      # com.nwl.steps.BDD_Registration_UnmeasuredAccountViaHomepage.Verify_the_Web_Self_Service_Registration_in_CCB()
]]></system-out>
    <system-err><![CDATA[SLF4J(W): No SLF4J providers were found.
SLF4J(W): Defaulting to no-operation (NOP) logger implementation
SLF4J(W): See https://www.slf4j.org/codes.html#noProviders for further details.
Starting Microsoft Edge WebDriver 128.0.2739.54 (baeaa1ac164abcde4468d7f287dac4e7614f4f94) on port 17927
To submit feedback, report a bug, or suggest new features, please visit https://github.com/MicrosoftEdge/EdgeWebDriver

Only local connections are allowed.
Please see https://aka.ms/WebDriverSecurity for suggestions on keeping Microsoft Edge WebDriver safe.

Microsoft Edge WebDriver was started successfully.
msedgedriver was started successfully on port 17927.
Sep 03, 2024 12:28:13 PM org.openqa.selenium.remote.ProtocolHandshake createSession
INFO: Detected dialect: W3C
org.openqa.selenium.NoSuchSessionException: Session ID is null. Using WebDriver after calling quit()?
Build info: version: '3.141.59', revision: 'e82be7d358', time: '2018-11-14T08:17:03'
System info: host: 'AUTMWADEV01', ip: '10.154.128.14', os.name: 'Windows Server 2019', os.arch: 'amd64', os.version: '10.0', java.version: '1.8.0_281'
Driver info: driver.version: RemoteWebDriver
	at org.openqa.selenium.remote.HttpCommandExecutor.execute(HttpCommandExecutor.java:125)
	at org.openqa.selenium.remote.service.DriverCommandExecutor.execute(DriverCommandExecutor.java:83)
	at org.openqa.selenium.remote.RemoteWebDriver.execute(RemoteWebDriver.java:552)
	at org.openqa.selenium.remote.RemoteWebDriver.execute(RemoteWebDriver.java:609)
	at org.openqa.selenium.remote.RemoteWebDriver.getScreenshotAs(RemoteWebDriver.java:295)
	at com.nwl.steps.ServiceHooks.endTest(ServiceHooks.java:28)
	at sun.reflect.NativeMethodAccessorImpl.invoke0(Native Method)
	at sun.reflect.NativeMethodAccessorImpl.invoke(NativeMethodAccessorImpl.java:62)
	at sun.reflect.DelegatingMethodAccessorImpl.invoke(DelegatingMethodAccessorImpl.java:43)
	at java.lang.reflect.Method.invoke(Method.java:498)
	at io.cucumber.java.Invoker.doInvoke(Invoker.java:66)
	at io.cucumber.java.Invoker.invoke(Invoker.java:24)
	at io.cucumber.java.AbstractGlueDefinition.invokeMethod(AbstractGlueDefinition.java:47)
	at io.cucumber.java.JavaHookDefinition.execute(JavaHookDefinition.java:64)
	at io.cucumber.core.runner.CoreHookDefinition.execute(CoreHookDefinition.java:46)
	at io.cucumber.core.runner.HookDefinitionMatch.runStep(HookDefinitionMatch.java:21)
	at io.cucumber.core.runner.ExecutionMode$1.execute(ExecutionMode.java:10)
	at io.cucumber.core.runner.TestStep.executeStep(TestStep.java:86)
	at io.cucumber.core.runner.TestStep.run(TestStep.java:57)
	at io.cucumber.core.runner.PickleStepTestStep.run(PickleStepTestStep.java:56)
	at io.cucumber.core.runner.TestCase.run(TestCase.java:95)
	at io.cucumber.core.runner.Runner.runPickle(Runner.java:75)
	at io.cucumber.testng.TestNGCucumberRunner.lambda$runScenario$1(TestNGCucumberRunner.java:132)
	at io.cucumber.core.runtime.CucumberExecutionContext.lambda$runTestCase$3(CucumberExecutionContext.java:110)
	at io.cucumber.core.runtime.RethrowingThrowableCollector.executeAndThrow(RethrowingThrowableCollector.java:23)
	at io.cucumber.core.runtime.CucumberExecutionContext.runTestCase(CucumberExecutionContext.java:110)
	at io.cucumber.testng.TestNGCucumberRunner.runScenario(TestNGCucumberRunner.java:129)
	at com.nwl.runners.TestRunner.scenario(TestRunner.java:33)
	at sun.reflect.NativeMethodAccessorImpl.invoke0(Native Method)
	at sun.reflect.NativeMethodAccessorImpl.invoke(NativeMethodAccessorImpl.java:62)
	at sun.reflect.DelegatingMethodAccessorImpl.invoke(DelegatingMethodAccessorImpl.java:43)
	at java.lang.reflect.Method.invoke(Method.java:498)
	at org.testng.internal.MethodInvocationHelper.invokeMethod(MethodInvocationHelper.java:133)
	at org.testng.internal.TestInvoker.invokeMethod(TestInvoker.java:598)
	at org.testng.internal.TestInvoker.invokeTestMethod(TestInvoker.java:173)
	at org.testng.internal.MethodRunner.runInSequence(MethodRunner.java:46)
	at org.testng.internal.TestInvoker$MethodInvocationAgent.invoke(TestInvoker.java:824)
	at org.testng.internal.TestInvoker.invokeTestMethods(TestInvoker.java:146)
	at org.testng.internal.TestMethodWorker.invokeTestMethods(TestMethodWorker.java:146)
	at org.testng.internal.TestMethodWorker.run(TestMethodWorker.java:128)
	at java.util.ArrayList.forEach(ArrayList.java:1259)
	at org.testng.TestRunner.privateRun(TestRunner.java:794)
	at org.testng.TestRunner.run(TestRunner.java:596)
	at org.testng.SuiteRunner.runTest(SuiteRunner.java:377)
	at org.testng.SuiteRunner.runSequentially(SuiteRunner.java:371)
	at org.testng.SuiteRunner.privateRun(SuiteRunner.java:332)
	at org.testng.SuiteRunner.run(SuiteRunner.java:276)
	at org.testng.SuiteRunnerWorker.runSuite(SuiteRunnerWorker.java:53)
	at org.testng.SuiteRunnerWorker.run(SuiteRunnerWorker.java:96)
	at org.testng.TestNG.runSuitesSequentially(TestNG.java:1212)
	at org.testng.TestNG.runSuitesLocally(TestNG.java:1134)
	at org.testng.TestNG.runSuites(TestNG.java:1063)
	at org.testng.TestNG.run(TestNG.java:1031)
	at org.apache.maven.surefire.testng.TestNGExecutor.run(TestNGExecutor.java:284)
	at org.apache.maven.surefire.testng.TestNGXmlTestSuite.execute(TestNGXmlTestSuite.java:75)
	at org.apache.maven.surefire.testng.TestNGProvider.invoke(TestNGProvider.java:119)
	at org.apache.maven.surefire.booter.ForkedBooter.runSuitesInProcess(ForkedBooter.java:428)
	at org.apache.maven.surefire.booter.ForkedBooter.execute(ForkedBooter.java:162)
	at org.apache.maven.surefire.booter.ForkedBooter.run(ForkedBooter.java:562)
	at org.apache.maven.surefire.booter.ForkedBooter.main(ForkedBooter.java:548)
]]></system-err>
  </testcase>
</testsuite>